#
# There is insufficient memory for the Java Runtime Environment to continue.
# Native memory allocation (mmap) failed to map 1099511627776 bytes for committing reserved memory.
# Possible reasons:
#   The system is out of physical RAM or swap space
# Possible solutions:
#   Reduce memory load on the system
#   Increase physical memory or swap space
#   Check if swap backing store is full
#   Decrease Java heap size (-Xmx/-Xms)
#   Decrease number of Java threads
#   Decrease Java thread stack sizes (-Xss)
#   Set larger code cache with -XX:ReservedCodeCacheSize=
# This output file may be truncated or incomplete.
#
#  Out of Memory Error (os_linux.cpp:2833), pid=12608, tid=12609
#
# JRE version:  (16.0.1+9) (build )
# Java VM: OpenJDK 64-Bit Server VM (16.0.1+9-Ubuntu-120.04, mixed mode, sharing, tiered, compressed class ptrs, g1 gc, linux-amd64)
# Core dump will be written. Default location: Core dumps may be processed with "/usr/share/apport/apport %p %s %c %d %P %E" (or dumping to /root/minecraft-discord-bot/minecraft-server/core.12608)
#

---------------  S U M M A R Y ------------

Command Line: -Xmx1024G -Xms1024G minecraft_server.1.17.1.jar nogui

Host: DO-Premium-AMD, 4 cores, 7G, Ubuntu 20.04.3 LTS
Time: Tue Nov 16 01:37:55 2021 UTC elapsed time: 0.046998 seconds (0d 0h 0m 0s)

---------------  T H R E A D  ---------------

Current thread (0x00007f58c0010040):  JavaThread "Unknown thread" [_thread_in_vm, id=12609, stack(0x00007f58c6b2d000,0x00007f58c6c2e000)]

Stack: [0x00007f58c6b2d000,0x00007f58c6c2e000],  sp=0x00007f58c6c2c4d0,  free space=1021k
Native frames: (J=compiled Java code, A=aot compiled Java code, j=interpreted, Vv=VM code, C=native code)
V  [libjvm.so+0xf2f98a]
V  [libjvm.so+0xf30421]
V  [libjvm.so+0x615857]
V  [libjvm.so+0xc25700]
V  [libjvm.so+0xc1e511]
V  [libjvm.so+0x742bae]
V  [libjvm.so+0x7574f1]
V  [libjvm.so+0x7eda5c]
V  [libjvm.so+0x7eee69]
V  [libjvm.so+0x7ef082]
V  [libjvm.so+0x6fa246]
V  [libjvm.so+0x6fa9f3]
V  [libjvm.so+0xedd156]
V  [libjvm.so+0x81044b]
V  [libjvm.so+0xeb023b]
V  [libjvm.so+0x8d6ce5]  JNI_CreateJavaVM+0x55
C  [libjli.so+0x3d91]
C  [libjli.so+0x841d]


---------------  P R O C E S S  ---------------

Threads class SMR info:
_java_thread_list=0x00007f58c82dd6a0, length=0, elements={
}

Java Threads: ( => current thread )

Other Threads:
  0x00007f58c00a6900 GCTaskThread "GC Thread#0" [stack: 0x00007f58c416c000,0x00007f58c426c000] [id=12610]
  0x00007f58c00a8020 ConcurrentGCThread "G1 Main Marker" [stack: 0x00007f58a81ad000,0x00007f58a82ad000] [id=12611]
  0x00007f58c00a90b0 ConcurrentGCThread "G1 Conc#0" [stack: 0x00007f58a80ab000,0x00007f58a81ab000] [id=12612]

[error occurred during error reporting (printing all threads), id 0xb, SIGSEGV (0xb) at pc=0x00007f58c768d794]

VM state: not at safepoint (not fully initialized)

VM Mutex/Monitor currently owned by a thread:  ([mutex/lock_event])
[0x00007f58c000d680] Heap_lock - owner thread: 0x00007f58c0010040

CDS archive(s) mapped at: [0x0000000000000000-0x0000000000000000-0x0000000000000000), size 0, SharedBaseAddress: 0x0000000800000000, ArchiveRelocationMode: 0.
Narrow klass base: 0x0000000000000000, Narrow klass shift: 0, Narrow klass range: 0x0

GC Precious Log:
<Empty>

Heap:
 garbage-first heap   total 0K, used 0K [0x00007e58a8000000, 0x00007f58a8000000)
  region size 32768K, 0 young (0K), 0 survivors (0K)

[error occurred during error reporting (printing heap information), id 0xb, SIGSEGV (0xb) at pc=0x00007f58c7c454e2]

GC Heap History (0 events):
No events

Deoptimization events (0 events):
No events

Classes unloaded (0 events):
No events

Classes redefined (0 events):
No events

Internal exceptions (0 events):
No events

Events (2 events):
Event: 0.002 Protecting memory [0x00007f58c6b2d000,0x00007f58c6b31000] with protection modes 0
Event: 0.002 Loaded shared library /usr/lib/jvm/java-16-openjdk-amd64/lib/libjava.so


Dynamic libraries:
5594de8f1000-5594de8f2000 r--p 00000000 fc:01 258841                     /usr/lib/jvm/java-16-openjdk-amd64/bin/java
5594de8f2000-5594de8f3000 r-xp 00001000 fc:01 258841                     /usr/lib/jvm/java-16-openjdk-amd64/bin/java
5594de8f3000-5594de8f4000 r--p 00002000 fc:01 258841                     /usr/lib/jvm/java-16-openjdk-amd64/bin/java
5594de8f4000-5594de8f5000 r--p 00002000 fc:01 258841                     /usr/lib/jvm/java-16-openjdk-amd64/bin/java
5594de8f5000-5594de8f6000 rw-p 00003000 fc:01 258841                     /usr/lib/jvm/java-16-openjdk-amd64/bin/java
5594ded69000-5594ded8a000 rw-p 00000000 00:00 0                          [heap]
7e4f18000000-7e4f18021000 rw-p 00000000 00:00 0 
7e4f18021000-7e4f1c000000 ---p 00000000 00:00 0 
7e4f1c000000-7e4f1c021000 rw-p 00000000 00:00 0 
7e4f1c021000-7e4f20000000 ---p 00000000 00:00 0 
7e4f20000000-7e4f20021000 rw-p 00000000 00:00 0 
7e4f20021000-7e4f24000000 ---p 00000000 00:00 0 
7e4f257bb000-7e4f28000000 rw-p 00000000 00:00 0 
7e4f28000000-7e58a8000000 ---p 00000000 00:00 0 
7f58a80a9000-7f58a80aa000 ---p 00000000 00:00 0 
7f58a80aa000-7f58a81ab000 rw-p 00000000 00:00 0 
7f58a81ab000-7f58a81ac000 ---p 00000000 00:00 0 
7f58a81ac000-7f58a82ad000 rw-p 00000000 00:00 0 
7f58a82ad000-7f58a851d000 rwxp 00000000 00:00 0 
7f58a851d000-7f58a883e000 ---p 00000000 00:00 0 
7f58a883e000-7f58a8aae000 rwxp 00000000 00:00 0 
7f58a8aae000-7f58afd75000 ---p 00000000 00:00 0 
7f58afd75000-7f58affe5000 rwxp 00000000 00:00 0 
7f58affe5000-7f58b72ad000 ---p 00000000 00:00 0 
7f58b72ad000-7f58c0000000 r--s 00000000 fc:01 258989                     /usr/lib/jvm/java-16-openjdk-amd64/lib/modules
7f58c0000000-7f58c00c4000 rw-p 00000000 00:00 0 
7f58c00c4000-7f58c4000000 ---p 00000000 00:00 0 
7f58c4067000-7f58c416a000 rw-p 00000000 00:00 0 
7f58c416a000-7f58c416b000 ---p 00000000 00:00 0 
7f58c416b000-7f58c68fb000 rw-p 00000000 00:00 0 
7f58c68fb000-7f58c69e1000 ---p 00000000 00:00 0 
7f58c69e1000-7f58c69e6000 rw-p 00000000 00:00 0 
7f58c69e6000-7f58c6acc000 ---p 00000000 00:00 0 
7f58c6acc000-7f58c6ad1000 rw-p 00000000 00:00 0 
7f58c6ad1000-7f58c6ad8000 ---p 00000000 00:00 0 
7f58c6ad8000-7f58c6ae4000 r--p 00000000 fc:01 258969                     /usr/lib/jvm/java-16-openjdk-amd64/lib/libjava.so
7f58c6ae4000-7f58c6af7000 r-xp 0000c000 fc:01 258969                     /usr/lib/jvm/java-16-openjdk-amd64/lib/libjava.so
7f58c6af7000-7f58c6afd000 r--p 0001f000 fc:01 258969                     /usr/lib/jvm/java-16-openjdk-amd64/lib/libjava.so
7f58c6afd000-7f58c6afe000 ---p 00025000 fc:01 258969                     /usr/lib/jvm/java-16-openjdk-amd64/lib/libjava.so
7f58c6afe000-7f58c6aff000 r--p 00025000 fc:01 258969                     /usr/lib/jvm/java-16-openjdk-amd64/lib/libjava.so
7f58c6aff000-7f58c6b00000 rw-p 00026000 fc:01 258969                     /usr/lib/jvm/java-16-openjdk-amd64/lib/libjava.so
7f58c6b00000-7f58c6b01000 rw-p 00000000 00:00 0 
7f58c6b01000-7f58c6b09000 rw-s 00000000 fc:01 261381                     /tmp/hsperfdata_root/12608
7f58c6b09000-7f58c6b0c000 r--p 00000000 fc:01 3458                       /usr/lib/x86_64-linux-gnu/libnss_files-2.31.so
7f58c6b0c000-7f58c6b13000 r-xp 00003000 fc:01 3458                       /usr/lib/x86_64-linux-gnu/libnss_files-2.31.so
7f58c6b13000-7f58c6b15000 r--p 0000a000 fc:01 3458                       /usr/lib/x86_64-linux-gnu/libnss_files-2.31.so
7f58c6b15000-7f58c6b16000 r--p 0000b000 fc:01 3458                       /usr/lib/x86_64-linux-gnu/libnss_files-2.31.so
7f58c6b16000-7f58c6b17000 rw-p 0000c000 fc:01 3458                       /usr/lib/x86_64-linux-gnu/libnss_files-2.31.so
7f58c6b17000-7f58c6b1d000 rw-p 00000000 00:00 0 
7f58c6b24000-7f58c6b26000 r--p 00000000 fc:01 258972                     /usr/lib/jvm/java-16-openjdk-amd64/lib/libjimage.so
7f58c6b26000-7f58c6b29000 r-xp 00002000 fc:01 258972                     /usr/lib/jvm/java-16-openjdk-amd64/lib/libjimage.so
7f58c6b29000-7f58c6b2a000 r--p 00005000 fc:01 258972                     /usr/lib/jvm/java-16-openjdk-amd64/lib/libjimage.so
7f58c6b2a000-7f58c6b2b000 ---p 00006000 fc:01 258972                     /usr/lib/jvm/java-16-openjdk-amd64/lib/libjimage.so
7f58c6b2b000-7f58c6b2c000 r--p 00006000 fc:01 258972                     /usr/lib/jvm/java-16-openjdk-amd64/lib/libjimage.so
7f58c6b2c000-7f58c6b2d000 rw-p 00007000 fc:01 258972                     /usr/lib/jvm/java-16-openjdk-amd64/lib/libjimage.so
7f58c6b2d000-7f58c6b31000 ---p 00000000 00:00 0 
7f58c6b31000-7f58c6c2e000 rw-p 00000000 00:00 0 
7f58c6c2e000-7f58c6c31000 r--p 00000000 fc:01 3440                       /usr/lib/x86_64-linux-gnu/libgcc_s.so.1
7f58c6c31000-7f58c6c43000 r-xp 00003000 fc:01 3440                       /usr/lib/x86_64-linux-gnu/libgcc_s.so.1
7f58c6c43000-7f58c6c47000 r--p 00015000 fc:01 3440                       /usr/lib/x86_64-linux-gnu/libgcc_s.so.1
7f58c6c47000-7f58c6c48000 r--p 00018000 fc:01 3440                       /usr/lib/x86_64-linux-gnu/libgcc_s.so.1
7f58c6c48000-7f58c6c49000 rw-p 00019000 fc:01 3440                       /usr/lib/x86_64-linux-gnu/libgcc_s.so.1
7f58c6c49000-7f58c6c58000 r--p 00000000 fc:01 3449                       /usr/lib/x86_64-linux-gnu/libm-2.31.so
7f58c6c58000-7f58c6cff000 r-xp 0000f000 fc:01 3449                       /usr/lib/x86_64-linux-gnu/libm-2.31.so
7f58c6cff000-7f58c6d96000 r--p 000b6000 fc:01 3449                       /usr/lib/x86_64-linux-gnu/libm-2.31.so
7f58c6d96000-7f58c6d97000 r--p 0014c000 fc:01 3449                       /usr/lib/x86_64-linux-gnu/libm-2.31.so
7f58c6d97000-7f58c6d98000 rw-p 0014d000 fc:01 3449                       /usr/lib/x86_64-linux-gnu/libm-2.31.so
7f58c6d98000-7f58c6e2e000 r--p 00000000 fc:01 3441                       /usr/lib/x86_64-linux-gnu/libstdc++.so.6.0.28
7f58c6e2e000-7f58c6f1f000 r-xp 00096000 fc:01 3441                       /usr/lib/x86_64-linux-gnu/libstdc++.so.6.0.28
7f58c6f1f000-7f58c6f68000 r--p 00187000 fc:01 3441                       /usr/lib/x86_64-linux-gnu/libstdc++.so.6.0.28
7f58c6f68000-7f58c6f69000 ---p 001d0000 fc:01 3441                       /usr/lib/x86_64-linux-gnu/libstdc++.so.6.0.28
7f58c6f69000-7f58c6f74000 r--p 001d0000 fc:01 3441                       /usr/lib/x86_64-linux-gnu/libstdc++.so.6.0.28
7f58c6f74000-7f58c6f77000 rw-p 001db000 fc:01 3441                       /usr/lib/x86_64-linux-gnu/libstdc++.so.6.0.28
7f58c6f77000-7f58c6f7a000 rw-p 00000000 00:00 0 
7f58c6f7a000-7f58c71bd000 r--p 00000000 fc:01 258995                     /usr/lib/jvm/java-16-openjdk-amd64/lib/server/libjvm.so
7f58c71bd000-7f58c7f26000 r-xp 00243000 fc:01 258995                     /usr/lib/jvm/java-16-openjdk-amd64/lib/server/libjvm.so
7f58c7f26000-7f58c81a4000 r--p 00fac000 fc:01 258995                     /usr/lib/jvm/java-16-openjdk-amd64/lib/server/libjvm.so
7f58c81a4000-7f58c8258000 r--p 01229000 fc:01 258995                     /usr/lib/jvm/java-16-openjdk-amd64/lib/server/libjvm.so
7f58c8258000-7f58c828c000 rw-p 012dd000 fc:01 258995                     /usr/lib/jvm/java-16-openjdk-amd64/lib/server/libjvm.so
7f58c828c000-7f58c82e9000 rw-p 00000000 00:00 0 
7f58c82e9000-7f58c82f0000 r--p 00000000 fc:01 3476                       /usr/lib/x86_64-linux-gnu/libpthread-2.31.so
7f58c82f0000-7f58c8301000 r-xp 00007000 fc:01 3476                       /usr/lib/x86_64-linux-gnu/libpthread-2.31.so
7f58c8301000-7f58c8306000 r--p 00018000 fc:01 3476                       /usr/lib/x86_64-linux-gnu/libpthread-2.31.so
7f58c8306000-7f58c8307000 r--p 0001c000 fc:01 3476                       /usr/lib/x86_64-linux-gnu/libpthread-2.31.so
7f58c8307000-7f58c8308000 rw-p 0001d000 fc:01 3476                       /usr/lib/x86_64-linux-gnu/libpthread-2.31.so
7f58c8308000-7f58c830c000 rw-p 00000000 00:00 0 
7f58c830c000-7f58c830d000 r--p 00000000 fc:01 3448                       /usr/lib/x86_64-linux-gnu/libdl-2.31.so
7f58c830d000-7f58c830f000 r-xp 00001000 fc:01 3448                       /usr/lib/x86_64-linux-gnu/libdl-2.31.so
7f58c830f000-7f58c8310000 r--p 00003000 fc:01 3448                       /usr/lib/x86_64-linux-gnu/libdl-2.31.so
7f58c8310000-7f58c8311000 r--p 00003000 fc:01 3448                       /usr/lib/x86_64-linux-gnu/libdl-2.31.so
7f58c8311000-7f58c8312000 rw-p 00004000 fc:01 3448                       /usr/lib/x86_64-linux-gnu/libdl-2.31.so
7f58c8312000-7f58c8314000 r--p 00000000 fc:01 3871                       /usr/lib/x86_64-linux-gnu/libz.so.1.2.11
7f58c8314000-7f58c8325000 r-xp 00002000 fc:01 3871                       /usr/lib/x86_64-linux-gnu/libz.so.1.2.11
7f58c8325000-7f58c832b000 r--p 00013000 fc:01 3871                       /usr/lib/x86_64-linux-gnu/libz.so.1.2.11
7f58c832b000-7f58c832c000 ---p 00019000 fc:01 3871                       /usr/lib/x86_64-linux-gnu/libz.so.1.2.11
7f58c832c000-7f58c832d000 r--p 00019000 fc:01 3871                       /usr/lib/x86_64-linux-gnu/libz.so.1.2.11
7f58c832d000-7f58c832e000 rw-p 0001a000 fc:01 3871                       /usr/lib/x86_64-linux-gnu/libz.so.1.2.11
7f58c832e000-7f58c8353000 r--p 00000000 fc:01 3447                       /usr/lib/x86_64-linux-gnu/libc-2.31.so
7f58c8353000-7f58c84cb000 r-xp 00025000 fc:01 3447                       /usr/lib/x86_64-linux-gnu/libc-2.31.so
7f58c84cb000-7f58c8515000 r--p 0019d000 fc:01 3447                       /usr/lib/x86_64-linux-gnu/libc-2.31.so
7f58c8515000-7f58c8516000 ---p 001e7000 fc:01 3447                       /usr/lib/x86_64-linux-gnu/libc-2.31.so
7f58c8516000-7f58c8519000 r--p 001e7000 fc:01 3447                       /usr/lib/x86_64-linux-gnu/libc-2.31.so
7f58c8519000-7f58c851c000 rw-p 001ea000 fc:01 3447                       /usr/lib/x86_64-linux-gnu/libc-2.31.so
7f58c851c000-7f58c8520000 rw-p 00000000 00:00 0 
7f58c8525000-7f58c8526000 ---p 00000000 00:00 0 
7f58c8526000-7f58c8527000 r--p 00000000 00:00 0 
7f58c8527000-7f58c8529000 r--p 00000000 fc:01 258973                     /usr/lib/jvm/java-16-openjdk-amd64/lib/libjli.so
7f58c8529000-7f58c8533000 r-xp 00002000 fc:01 258973                     /usr/lib/jvm/java-16-openjdk-amd64/lib/libjli.so
7f58c8533000-7f58c8536000 r--p 0000c000 fc:01 258973                     /usr/lib/jvm/java-16-openjdk-amd64/lib/libjli.so
7f58c8536000-7f58c8537000 ---p 0000f000 fc:01 258973                     /usr/lib/jvm/java-16-openjdk-amd64/lib/libjli.so
7f58c8537000-7f58c8538000 r--p 0000f000 fc:01 258973                     /usr/lib/jvm/java-16-openjdk-amd64/lib/libjli.so
7f58c8538000-7f58c8539000 rw-p 00010000 fc:01 258973                     /usr/lib/jvm/java-16-openjdk-amd64/lib/libjli.so
7f58c8539000-7f58c853b000 rw-p 00000000 00:00 0 
7f58c853b000-7f58c853c000 r--p 00000000 fc:01 3443                       /usr/lib/x86_64-linux-gnu/ld-2.31.so
7f58c853c000-7f58c855f000 r-xp 00001000 fc:01 3443                       /usr/lib/x86_64-linux-gnu/ld-2.31.so
7f58c855f000-7f58c8567000 r--p 00024000 fc:01 3443                       /usr/lib/x86_64-linux-gnu/ld-2.31.so
7f58c8567000-7f58c8568000 ---p 00000000 00:00 0 
7f58c8568000-7f58c8569000 r--p 0002c000 fc:01 3443                       /usr/lib/x86_64-linux-gnu/ld-2.31.so
7f58c8569000-7f58c856a000 rw-p 0002d000 fc:01 3443                       /usr/lib/x86_64-linux-gnu/ld-2.31.so
7f58c856a000-7f58c856b000 rw-p 00000000 00:00 0 
7ffea800c000-7ffea802d000 rw-p 00000000 00:00 0                          [stack]
7ffea81b9000-7ffea81bc000 r--p 00000000 00:00 0                          [vvar]
7ffea81bc000-7ffea81bd000 r-xp 00000000 00:00 0                          [vdso]
ffffffffff600000-ffffffffff601000 --xp 00000000 00:00 0                  [vsyscall]


VM Arguments:
jvm_args: -Xmx1024G -Xms1024G 
java_command: minecraft_server.1.17.1.jar nogui
java_class_path (initial): minecraft_server.1.17.1.jar
Launcher Type: SUN_STANDARD

[Global flags]
     intx CICompilerCount                          = 3                                         {product} {ergonomic}
     uint ConcGCThreads                            = 1                                         {product} {ergonomic}
     uint G1ConcRefinementThreads                  = 4                                         {product} {ergonomic}
   size_t G1HeapRegionSize                         = 33554432                                  {product} {ergonomic}
    uintx GCDrainStackTargetSize                   = 64                                        {product} {ergonomic}
   size_t InitialHeapSize                          = 1099511627776                             {product} {command line}
   size_t MarkStackSize                            = 4194304                                   {product} {ergonomic}
   size_t MaxHeapSize                              = 1099511627776                             {product} {command line}
   size_t MinHeapDeltaBytes                        = 33554432                                  {product} {ergonomic}
   size_t MinHeapSize                              = 1099511627776                             {product} {command line}
    uintx NonNMethodCodeHeapSize                   = 5832780                                {pd product} {ergonomic}
    uintx NonProfiledCodeHeapSize                  = 122912730                              {pd product} {ergonomic}
    uintx ProfiledCodeHeapSize                     = 122912730                              {pd product} {ergonomic}
    uintx ReservedCodeCacheSize                    = 251658240                              {pd product} {ergonomic}
     bool SegmentedCodeCache                       = true                                      {product} {ergonomic}
   size_t SoftMaxHeapSize                          = 1099511627776                          {manageable} {ergonomic}
     bool UseCompressedClassPointers               = true                           {product lp64_product} {ergonomic}
     bool UseG1GC                                  = true                                      {product} {ergonomic}

Logging:
Log output configuration:
 #0: stdout all=warning uptime,level,tags
 #1: stderr all=off uptime,level,tags

Environment Variables:
PATH=/root/.deno/bin:/usr/local/sbin:/usr/local/bin:/usr/sbin:/usr/bin:/sbin:/bin:/usr/games:/usr/local/games:/snap/bin
SHELL=/bin/bash
LANG=C.UTF-8

Signal Handlers:
SIGSEGV: [libjvm.so+0xf30440], sa_mask[0]=11100100010111111101111111111110, sa_flags=SA_RESTART|SA_SIGINFO
SIGBUS: [libjvm.so+0xf30440], sa_mask[0]=11100100010111111101111111111110, sa_flags=SA_RESTART|SA_SIGINFO
SIGFPE: [libjvm.so+0xf30440], sa_mask[0]=11100100010111111101111111111110, sa_flags=SA_RESTART|SA_SIGINFO
SIGPIPE: [libjvm.so+0xdcd8d0], sa_mask[0]=11100100010111111101111111111110, sa_flags=SA_RESTART|SA_SIGINFO
SIGXFSZ: [libjvm.so+0xdcd8d0], sa_mask[0]=11100100010111111101111111111110, sa_flags=SA_RESTART|SA_SIGINFO
SIGILL: [libjvm.so+0xf30440], sa_mask[0]=11100100010111111101111111111110, sa_flags=SA_RESTART|SA_SIGINFO
SIGUSR2: [libjvm.so+0xdccfb0], sa_mask[0]=00000000000000000000000000000000, sa_flags=SA_RESTART|SA_SIGINFO
SIGHUP: SIG_DFL, sa_mask[0]=00000000000000000000000000000000, sa_flags=none
SIGINT: SIG_DFL, sa_mask[0]=00000000000000000000000000000000, sa_flags=none
SIGTERM: SIG_DFL, sa_mask[0]=00000000000000000000000000000000, sa_flags=none
SIGQUIT: SIG_DFL, sa_mask[0]=00000000000000000000000000000000, sa_flags=none
SIGTRAP: [libjvm.so+0xf30440], sa_mask[0]=11100100010111111101111111111110, sa_flags=SA_RESTART|SA_SIGINFO


---------------  S Y S T E M  ---------------

OS:
DISTRIB_ID=Ubuntu
DISTRIB_RELEASE=20.04
DISTRIB_CODENAME=focal
DISTRIB_DESCRIPTION="Ubuntu 20.04.3 LTS"
uname: Linux 5.4.0-88-generic #99-Ubuntu SMP Thu Sep 23 17:29:00 UTC 2021 x86_64
OS uptime: 0 days 1:21 hours
libc: glibc 2.31 NPTL 2.31 
rlimit (soft/hard): STACK 8192k/infinity , CORE 0k/infinity , NPROC 31711/31711 , NOFILE 1048576/1048576 , AS infinity/infinity , CPU infinity/infinity , DATA infinity/infinity , FSIZE infinity/infinity , MEMLOCK 65536k/65536k
load average: 0.42 0.75 0.40

/proc/meminfo:
MemTotal:        8152852 kB
MemFree:         6512536 kB
MemAvailable:    7569816 kB
Buffers:           75488 kB
Cached:          1060636 kB
SwapCached:            0 kB
Active:           670352 kB
Inactive:         766572 kB
Active(anon):     203384 kB
Inactive(anon):      572 kB
Active(file):     466968 kB
Inactive(file):   766000 kB
Unevictable:       18464 kB
Mlocked:           18464 kB
SwapTotal:             0 kB
SwapFree:              0 kB
Dirty:               184 kB
Writeback:             0 kB
AnonPages:        319320 kB
Mapped:           108516 kB
Shmem:               988 kB
KReclaimable:      87188 kB
Slab:             155296 kB
SReclaimable:      87188 kB
SUnreclaim:        68108 kB
KernelStack:        2880 kB
PageTables:         2636 kB
NFS_Unstable:          0 kB
Bounce:                0 kB
WritebackTmp:          0 kB
CommitLimit:     4076424 kB
Committed_AS:     740900 kB
VmallocTotal:   34359738367 kB
VmallocUsed:        9680 kB
VmallocChunk:          0 kB
Percpu:             3280 kB
HardwareCorrupted:     0 kB
AnonHugePages:         0 kB
ShmemHugePages:        0 kB
ShmemPmdMapped:        0 kB
FileHugePages:         0 kB
FilePmdMapped:         0 kB
CmaTotal:              0 kB
CmaFree:               0 kB
HugePages_Total:       0
HugePages_Free:        0
HugePages_Rsvd:        0
HugePages_Surp:        0
Hugepagesize:       2048 kB
Hugetlb:               0 kB
DirectMap4k:      122860 kB
DirectMap2M:     4071424 kB
DirectMap1G:     4194304 kB

/sys/kernel/mm/transparent_hugepage/enabled: always [madvise] never
/sys/kernel/mm/transparent_hugepage/defrag (defrag/compaction efforts parameter): always defer defer+madvise [madvise] never

Process Memory:
Virtual Size: 40612732K (peak: 1114354556K)
Resident Set Size: 50688K (peak: 50688K) (anon: 36956K, file: 13732K, shmem: 0K)
Swapped out: 0K
C-Heap outstanding allocations: 889K

/proc/sys/kernel/threads-max (system-wide limit on the number of threads): 63423
/proc/sys/vm/max_map_count (maximum number of memory map areas a process may have): 65530
/proc/sys/kernel/pid_max (system-wide limit on number of process identifiers): 4194304

container (cgroup) information:
container_type: cgroupv1
cpu_cpuset_cpus: 0-3
cpu_memory_nodes: 0
active_processor_count: 4
cpu_quota: no quota
cpu_period: 100000
cpu_shares: no shares
memory_limit_in_bytes: unlimited
memory_and_swap_limit_in_bytes: not supported
memory_soft_limit_in_bytes: unlimited
memory_usage_in_bytes: 260997120
memory_max_usage_in_bytes: 1545080832

KVM virtualization detected
Steal ticks since vm start: 2
Steal ticks percentage since vm start:  0.095

CPU: total 4 (initial active 4) (4 cores per cpu, 1 threads per core) family 23 model 49 stepping 0 microcode 0x1000065, cx8, cmov, fxsr, mmx, 3dnowpref, sse, sse2, sse3, ssse3, sse4a, sse4.1, sse4.2, popcnt, lzcnt, tsc, avx, avx2, aes, clmul, bmi1, bmi2, adx, sha, fma, vzeroupper, clflush, clflushopt, hv
CPU Model and flags from /proc/cpuinfo:
model name	: DO-Premium-AMD
flags		: fpu vme de pse tsc msr pae mce cx8 apic sep mtrr pge mca cmov pat pse36 clflush mmx fxsr sse sse2 ht syscall nx mmxext fxsr_opt pdpe1gb rdtscp lm rep_good nopl cpuid extd_apicid tsc_known_freq pni pclmulqdq ssse3 fma cx16 sse4_1 sse4_2 movbe popcnt aes xsave avx f16c rdrand hypervisor lahf_lm cmp_legacy svm cr8_legacy abm sse4a misalignsse 3dnowprefetch osvw perfctr_core ibpb stibp vmmcall fsgsbase bmi1 avx2 smep bmi2 rdseed adx smap clflushopt clwb sha_ni xsaveopt xsavec xgetbv1 clzero xsaveerptr wbnoinvd arat npt nrip_save umip rdpid

Online cpus: 0-3
Offline cpus: 
BIOS frequency limitation: <Not Available>
Frequency switch latency (ns): <Not Available>
Available cpu frequencies: <Not Available>
Current governor: <Not Available>
Core performance/turbo boost: <Not Available>

Memory: 4k page, physical 8152852k(6512536k free), swap 0k(0k free)

vm_info: OpenJDK 64-Bit Server VM (16.0.1+9-Ubuntu-120.04) for linux-amd64 JRE (16.0.1+9-Ubuntu-120.04), built on Apr 21 2021 06:06:00 by "unknown" with gcc 9.3.0

END.
