[19:23:31] [ServerMain/INFO]: Environment: authHost='https://authserver.mojang.com', accountsHost='https://api.mojang.com', sessionHost='https://sessionserver.mojang.com', servicesHost='https://api.minecraftservices.com', name='PROD'
[19:23:32] [ServerMain/WARN]: Ambiguity between arguments [teleport, location] and [teleport, destination] with inputs: [0.1 -0.5 .9, 0 0 0]
[19:23:32] [ServerMain/WARN]: Ambiguity between arguments [teleport, location] and [teleport, targets] with inputs: [0.1 -0.5 .9, 0 0 0]
[19:23:32] [ServerMain/WARN]: Ambiguity between arguments [teleport, destination] and [teleport, targets] with inputs: [Player, 0123, @e, dd12be42-52a9-4a91-a8a1-11c01849e498]
[19:23:32] [ServerMain/WARN]: Ambiguity between arguments [teleport, targets] and [teleport, destination] with inputs: [Player, 0123, dd12be42-52a9-4a91-a8a1-11c01849e498]
[19:23:32] [ServerMain/WARN]: Ambiguity between arguments [teleport, targets, location] and [teleport, targets, destination] with inputs: [0.1 -0.5 .9, 0 0 0]
[19:23:32] [ServerMain/INFO]: Reloading ResourceManager: Default
[19:23:33] [Worker-Main-4/INFO]: Loaded 7 recipes
[19:23:33] [Worker-Main-4/INFO]: Loaded 1141 advancements
[19:23:36] [Server thread/INFO]: Starting minecraft server version 1.18
[19:23:36] [Server thread/INFO]: Loading properties
[19:23:36] [Server thread/INFO]: Default game type: SURVIVAL
[19:23:36] [Server thread/INFO]: Generating keypair
[19:23:37] [Server thread/INFO]: Starting Minecraft server on *:25565
[19:23:37] [Server thread/INFO]: Using epoll channel type
[19:23:37] [Server thread/INFO]: Preparing level "world"
[19:23:37] [Server thread/INFO]: Preparing start region for dimension minecraft:overworld
[19:23:39] [Worker-Main-6/INFO]: Preparing spawn area: 0%
[19:23:40] [Worker-Main-4/INFO]: Preparing spawn area: 0%
[19:23:40] [Worker-Main-5/INFO]: Preparing spawn area: 0%
[19:23:40] [Worker-Main-4/INFO]: Preparing spawn area: 0%
[19:23:40] [Worker-Main-4/INFO]: Preparing spawn area: 0%
[19:23:40] [Worker-Main-4/INFO]: Preparing spawn area: 0%
[19:23:40] [Worker-Main-6/INFO]: Preparing spawn area: 0%
[19:23:41] [Worker-Main-5/INFO]: Preparing spawn area: 0%
[19:23:41] [Worker-Main-5/INFO]: Preparing spawn area: 0%
[19:23:42] [Worker-Main-4/INFO]: Preparing spawn area: 0%
[19:23:42] [Worker-Main-4/INFO]: Preparing spawn area: 0%
[19:23:43] [Worker-Main-4/INFO]: Preparing spawn area: 3%
[19:23:43] [Worker-Main-6/INFO]: Preparing spawn area: 4%
[19:23:44] [Worker-Main-6/INFO]: Preparing spawn area: 4%
[19:23:44] [Worker-Main-6/INFO]: Preparing spawn area: 4%
[19:23:45] [Worker-Main-4/INFO]: Preparing spawn area: 4%
[19:23:45] [Worker-Main-5/INFO]: Preparing spawn area: 9%
[19:23:46] [Worker-Main-5/INFO]: Preparing spawn area: 13%
[19:23:46] [Worker-Main-4/INFO]: Preparing spawn area: 15%
[19:23:47] [Worker-Main-6/INFO]: Preparing spawn area: 17%
[19:23:47] [Worker-Main-6/INFO]: Preparing spawn area: 26%
[19:23:48] [Worker-Main-4/INFO]: Preparing spawn area: 31%
[19:23:48] [Worker-Main-4/INFO]: Preparing spawn area: 35%
[19:23:49] [Worker-Main-6/INFO]: Preparing spawn area: 51%
[19:23:49] [Worker-Main-5/INFO]: Preparing spawn area: 58%
[19:23:50] [Worker-Main-5/INFO]: Preparing spawn area: 79%
[19:23:51] [Worker-Main-6/INFO]: Preparing spawn area: 96%
[19:23:52] [Server thread/INFO]: Time elapsed: 14481 ms
[19:23:52] [Server thread/INFO]: Done (14.648s)! For help, type "help"
[19:24:26] [User Authenticator #1/INFO]: UUID of player ragglefragg is 79afd095-14d3-440b-8037-0239dcff8cd2
[19:24:26] [Server thread/INFO]: ragglefragg[/108.62.52.194:55894] logged in with entity id 252 at (-95.51218441433751, 64.0, 55.9731693900816)
[19:24:26] [Server thread/INFO]: ragglefragg joined the game
[19:27:49] [Server thread/INFO]: ragglefragg lost connection: Disconnected
[19:27:49] [Server thread/INFO]: ragglefragg left the game
