[18:44:43] [ServerMain/INFO]: Environment: authHost='https://authserver.mojang.com', accountsHost='https://api.mojang.com', sessionHost='https://sessionserver.mojang.com', servicesHost='https://api.minecraftservices.com', name='PROD'
[18:44:47] [ServerMain/WARN]: Ambiguity between arguments [teleport, location] and [teleport, destination] with inputs: [0.1 -0.5 .9, 0 0 0]
[18:44:47] [ServerMain/WARN]: Ambiguity between arguments [teleport, location] and [teleport, targets] with inputs: [0.1 -0.5 .9, 0 0 0]
[18:44:47] [ServerMain/WARN]: Ambiguity between arguments [teleport, destination] and [teleport, targets] with inputs: [Player, 0123, @e, dd12be42-52a9-4a91-a8a1-11c01849e498]
[18:44:47] [ServerMain/WARN]: Ambiguity between arguments [teleport, targets] and [teleport, destination] with inputs: [Player, 0123, dd12be42-52a9-4a91-a8a1-11c01849e498]
[18:44:47] [ServerMain/WARN]: Ambiguity between arguments [teleport, targets, location] and [teleport, targets, destination] with inputs: [0.1 -0.5 .9, 0 0 0]
[18:44:49] [Worker-Main-5/INFO]: Loaded 7 recipes
[18:44:50] [Worker-Main-5/INFO]: Loaded 1141 advancements
[18:44:52] [Server thread/INFO]: Starting minecraft server version 1.18.2
[18:44:52] [Server thread/INFO]: Loading properties
[18:44:52] [Server thread/INFO]: Default game type: SURVIVAL
[18:44:52] [Server thread/INFO]: Generating keypair
[18:44:53] [Server thread/INFO]: Starting Minecraft server on *:25565
[18:44:53] [Server thread/INFO]: Using epoll channel type
[18:44:53] [Server thread/INFO]: Preparing level "world"
[18:44:53] [Server thread/INFO]: Preparing start region for dimension minecraft:overworld
[18:44:55] [Worker-Main-4/INFO]: Preparing spawn area: 0%
[18:44:55] [Worker-Main-4/INFO]: Preparing spawn area: 0%
[18:44:55] [Worker-Main-4/INFO]: Preparing spawn area: 0%
[18:44:55] [Worker-Main-4/INFO]: Preparing spawn area: 0%
[18:44:55] [Worker-Main-6/INFO]: Preparing spawn area: 0%
[18:44:56] [Worker-Main-4/INFO]: Preparing spawn area: 0%
[18:44:57] [Worker-Main-6/INFO]: Preparing spawn area: 0%
[18:44:57] [Worker-Main-4/INFO]: Preparing spawn area: 0%
[18:44:57] [Worker-Main-6/INFO]: Preparing spawn area: 0%
[18:44:58] [Worker-Main-4/INFO]: Preparing spawn area: 0%
[18:44:58] [Worker-Main-6/INFO]: Preparing spawn area: 0%
[18:44:59] [Worker-Main-6/INFO]: Preparing spawn area: 0%
[18:44:59] [Worker-Main-6/INFO]: Preparing spawn area: 0%
[18:45:00] [Worker-Main-4/INFO]: Preparing spawn area: 0%
[18:45:00] [Worker-Main-4/INFO]: Preparing spawn area: 4%
[18:45:01] [Worker-Main-4/INFO]: Preparing spawn area: 10%
[18:45:01] [Worker-Main-4/INFO]: Preparing spawn area: 24%
[18:45:02] [Worker-Main-6/INFO]: Preparing spawn area: 28%
[18:45:02] [Worker-Main-4/INFO]: Preparing spawn area: 46%
[18:45:03] [Worker-Main-6/INFO]: Preparing spawn area: 67%
[18:45:03] [Worker-Main-6/INFO]: Preparing spawn area: 91%
[18:45:05] [Worker-Main-6/INFO]: Preparing spawn area: 91%
[18:45:05] [Worker-Main-6/INFO]: Preparing spawn area: 91%
[18:45:05] [Server thread/INFO]: Time elapsed: 11902 ms
[18:45:05] [Server thread/INFO]: Done (12.159s)! For help, type "help"
[18:45:05] [Server thread/INFO]: Starting remote control listener
[18:45:05] [Server thread/INFO]: Thread RCON Listener started
[18:45:05] [Server thread/INFO]: RCON running on 0.0.0.0:25575
[18:45:06] [RCON Listener #1/INFO]: Thread RCON Client /127.0.0.1 started
[18:45:10] [Server thread/WARN]: Can't keep up! Is the server overloaded? Running 2013ms or 40 ticks behind
[18:45:11] [User Authenticator #1/INFO]: UUID of player DigForge is b5c7e70a-c900-4545-920d-ce93b8b776c4
[18:45:11] [Server thread/INFO]: DigForge[/127.0.0.1:45488] logged in with entity id 201 at (-226.5, 71.0, 54.5)
[18:45:11] [Server thread/INFO]: DigForge joined the game
[18:45:21] [Server thread/INFO]: DigForge lost connection: Disconnected
[18:45:21] [Server thread/INFO]: DigForge left the game
[18:45:31] [RCON Client /127.0.0.1 #2/INFO]: Thread RCON Client /127.0.0.1 shutting down
